<?xml version="1.0" encoding="UTF-8"?>
<!-- Generated by org.testng.reporters.JUnitXMLReporter -->
<testsuite ignored="1" hostname="CPC-debas-HPLU6" failures="0" tests="1" name="Default test" time="5.31" errors="0" timestamp="2024-09-16T14:09:29 IST">
  <testcase classname="tests.LoginPageTest" name="getPageURL" time="0.624"/>
  <testcase classname="tests.LoginPageTest" name="isAppointmentbtnAvailableTest" time="0.0">
    <ignored/>
  </testcase> <!-- isAppointmentbtnAvailableTest -->
</testsuite> <!-- Default test -->
