<?xml version="1.0" encoding="UTF-8"?>
<!-- Generated by org.testng.reporters.JUnitXMLReporter -->
<testsuite ignored="0" hostname="CPC-debas-HPLU6" failures="0" tests="3" name="Default test" time="6.649" errors="0" timestamp="2024-09-16T14:47:52 IST">
  <testcase classname="tests.LoginPageTest" name="getPageURL" time="0.64"/>
  <testcase classname="tests.LoginPageTest" name="isAppointmentbtnAvailableTest" time="0.03"/>
  <testcase classname="tests.LoginPageTest" name="loginTest" time="0.98"/>
</testsuite> <!-- Default test -->
