<?xml version="1.0" encoding="UTF-8"?>
<testng-results ignored="0" total="1" passed="1" failed="0" skipped="0">
  <reporter-output>
  </reporter-output>
  <suite started-at="2024-09-16T14:09:24 IST" name="Default suite" finished-at="2024-09-16T14:09:29 IST" duration-ms="5310">
    <groups>
    </groups>
    <test started-at="2024-09-16T14:09:24 IST" name="Default test" finished-at="2024-09-16T14:09:29 IST" duration-ms="5310">
      <class name="tests.LoginPageTest">
        <test-method is-config="true" signature="setup()[pri:0, instance:tests.LoginPageTest@1aafa419]" started-at="2024-09-16T14:09:24 IST" name="setup" finished-at="2024-09-16T14:09:29 IST" duration-ms="4651" status="PASS">
          <reporter-output>
          </reporter-output>
        </test-method> <!-- setup -->
        <test-method signature="getPageURL()[pri:0, instance:tests.LoginPageTest@1aafa419]" started-at="2024-09-16T14:09:29 IST" name="getPageURL" finished-at="2024-09-16T14:09:29 IST" duration-ms="624" status="PASS">
          <reporter-output>
          </reporter-output>
        </test-method> <!-- getPageURL -->
        <test-method is-config="true" signature="teardown()[pri:0, instance:tests.LoginPageTest@1aafa419]" started-at="2024-09-16T14:09:29 IST" name="teardown" finished-at="2024-09-16T14:09:29 IST" duration-ms="0" status="PASS">
          <reporter-output>
          </reporter-output>
        </test-method> <!-- teardown -->
      </class> <!-- tests.LoginPageTest -->
    </test> <!-- Default test -->
  </suite> <!-- Default suite -->
</testng-results>
